Configuration file: S:/GitHub/czerniakmaciej.github.io/_config.yml
            Source: S:/GitHub/czerniakmaciej.github.io
       Destination: S:/GitHub/czerniakmaciej.github.io/_site
 Incremental build: disabled. Enable with --incremental
      Generating... 
                    done in 0.48 seconds.
 Auto-regeneration: enabled for 'S:/GitHub/czerniakmaciej.github.io'
    Server address: http://127.0.0.1:4000/
  Server running... press ctrl-c to stop.
      Regenerating: 1 file(s) changed at 2026-06-29 09:38:31
                    jekyll-serve.log
                    ...done in 0.705649 seconds.
                    
      Regenerating: 1 file(s) changed at 2026-06-29 09:38:32
                    jekyll-serve.log
                    ...done in 0.2019229 seconds.
                    
      Regenerating: 1 file(s) changed at 2026-06-29 09:38:33
                    jekyll-serve.log
                    ...done in 0.1065889 seconds.
                    
      Regenerating: 1 file(s) changed at 2026-06-29 09:38:34
                    jekyll-serve.log
                    ...done in 0.1135314 seconds.
                    
      Regenerating: 1 file(s) changed at 2026-06-29 09:38:35
                    jekyll-serve.log
                    ...done in 0.0997 seconds.
                    
      Regenerating: 1 file(s) changed at 2026-06-29 09:38:36
                    jekyll-serve.log
                    ...done in 0.1135717 seconds.
                    
      Regenerating: 1 file(s) changed at 2026-06-29 09:38:37
                    jekyll-serve.log
                    ...done in 0.1091022 seconds.
                    
      Regenerating: 1 file(s) changed at 2026-06-29 09:38:38
                    jekyll-serve.log
                    ...done in 0.1155366 seconds.
                    
      Regenerating: 1 file(s) changed at 2026-06-29 09:38:39
                    jekyll-serve.log
                    ...done in 0.1038101 seconds.
                    
      Regenerating: 1 file(s) changed at 2026-06-29 09:38:40
                    jekyll-serve.log
                    ...done in 0.1328209 seconds.
                    
      Regenerating: 1 file(s) changed at 2026-06-29 09:38:41
                    jekyll-serve.log
                    ...done in 0.1005116 seconds.
                    
      Regenerating: 1 file(s) changed at 2026-06-29 09:38:42
                    jekyll-serve.log
                    ...done in 0.1116382 seconds.
                    
      Regenerating: 1 file(s) changed at 2026-06-29 09:38:43
                    jekyll-serve.log
                    ...done in 0.1049151 seconds.
                    
      Regenerating: 1 file(s) changed at 2026-06-29 09:38:44
                    jekyll-serve.log
                    ...done in 0.1093166 seconds.
                    
      Regenerating: 1 file(s) changed at 2026-06-29 09:38:45
                    jekyll-serve.log
                    ...done in 0.1075294 seconds.
                    
      Regenerating: 1 file(s) changed at 2026-06-29 09:38:46
                    jekyll-serve.log
                    ...done in 0.1042956 seconds.
                    
      Regenerating: 1 file(s) changed at 2026-06-29 09:38:47
                    jekyll-serve.log
                    ...done in 0.1031708 seconds.
                    
      Regenerating: 1 file(s) changed at 2026-06-29 09:38:48
                    jekyll-serve.log
                    ...done in 0.1053222 seconds.
                    
      Regenerating: 1 file(s) changed at 2026-06-29 09:38:49
                    jekyll-serve.log
                    ...done in 0.1058954 seconds.
                    
      Regenerating: 1 file(s) changed at 2026-06-29 09:38:50
                    jekyll-serve.log
                    ...done in 0.1075494 seconds.
                    
      Regenerating: 1 file(s) changed at 2026-06-29 09:38:51
                    jekyll-serve.log
                    ...done in 0.1072705 seconds.
                    
      Regenerating: 1 file(s) changed at 2026-06-29 09:38:52
                    jekyll-serve.log
                    ...done in 0.1088063 seconds.
                    
      Regenerating: 1 file(s) changed at 2026-06-29 09:38:53
                    jekyll-serve.log
                    ...done in 0.1078138 seconds.
                    
      Regenerating: 1 file(s) changed at 2026-06-29 09:38:54
                    jekyll-serve.log
                    ...done in 0.1052389 seconds.
                    
      Regenerating: 1 file(s) changed at 2026-06-29 09:38:55
                    jekyll-serve.log
                    ...done in 0.1088188 seconds.
                    
      Regenerating: 1 file(s) changed at 2026-06-29 09:38:56
                    jekyll-serve.log
                    ...done in 0.1061128 seconds.
                    
      Regenerating: 1 file(s) changed at 2026-06-29 09:38:57
                    jekyll-serve.log
                    ...done in 0.1034214 seconds.
                    
      Regenerating: 1 file(s) changed at 2026-06-29 09:38:58
                    jekyll-serve.log
                    ...done in 0.1224789 seconds.
                    
      Regenerating: 1 file(s) changed at 2026-06-29 09:38:59
                    jekyll-serve.log
                    ...done in 0.1101717 seconds.
                    
      Regenerating: 1 file(s) changed at 2026-06-29 09:39:00
                    jekyll-serve.log
                    ...done in 0.1054479 seconds.
                    
